Build started 10.11.2016 18:43:43.
     1>Project "C:\SoftProjects\ProjectsDirectionalityDetection\CreateTheTest\CreateTheTest\CreateTheTest.vcxproj" on node 2 (Build target(s)).
     1>ClCompile:
         C:\Program Files (x86)\Microsoft Visual Studio 12.0\VC\bin\CL.exe /c /ZI /nologo /W3 /WX- /Od /Oy- /D WIN32 /D _DEBUG /D _CONSOLE /D _LIB /D _UNICODE /D UNICODE /Gm /EHsc /RTC1 /MDd /GS /fp:precise /Zc:wchar_t /Zc:forScope /Fo"Debug\\" /Fd"Debug\vc120.pdb" /Gd /TP /analyze- /errorReport:prompt ..\..\..\ProjectsLib\LibMarcin\StringFcLib.cpp ..\..\..\ProjectsLib\tinyxml\tinystr.cpp ..\..\..\ProjectsLib\tinyxml\tinyxml.cpp ..\..\..\ProjectsLib\tinyxml\tinyxmlerror.cpp ..\..\..\ProjectsLib\tinyxml\tinyxmlparser.cpp CreateTheTest.cpp
         CreateTheTest.cpp
     1>c:\softprojects\projectsdirectionalitydetection\createthetest\createthetest\createthetest.cpp(4): fatal error C1083: Cannot open include file: 'boost\filesystem.hpp': No such file or directory
         tinyxmlparser.cpp
         tinyxmlerror.cpp
         tinyxml.cpp
         tinystr.cpp
         StringFcLib.cpp
         Generating Code...
     1>Done Building Project "C:\SoftProjects\ProjectsDirectionalityDetection\CreateTheTest\CreateTheTest\CreateTheTest.vcxproj" (Build target(s)) -- FAILED.

Build FAILED.

Time Elapsed 00:00:00.52
